Build started 9/18/2014 6:39:26 PM.
     1>Project "C:\Users\RG\Desktop\ResCpp\Rijndael.vcxproj" on node 2 (Build target(s)).
     1>ClCompile:
         C:\Program Files (x86)\Microsoft Visual Studio 11.0\VC\bin\CL.exe /c /ZI /nologo /W3 /WX- /Od /Oy- /D WIN32 /D _DEBUG /D _CONSOLE /D _VC80_UPGRADE=0x0600 /D _MBCS /Gm /EHsc /RTC1 /MTd /GS /Gy- /fp:precise /Zc:wchar_t /Zc:forScope /Fo".\Debug\\" /Fd".\Debug\vc110.pdb" /Gd /TP /analyze- /errorReport:prompt Test.cpp
         Test.cpp
     1>c:\users\rg\desktop\rescpp\test.cpp(4): warning C4067: unexpected tokens following preprocessor directive - expected a newline
     1>c:\users\rg\desktop\rescpp\test.cpp(5): warning C4067: unexpected tokens following preprocessor directive - expected a newline
     1>c:\users\rg\desktop\rescpp\test.cpp(6): warning C4067: unexpected tokens following preprocessor directive - expected a newline
     1>c:\users\rg\desktop\rescpp\test.cpp(7): warning C4067: unexpected tokens following preprocessor directive - expected a newline
     1>c:\users\rg\desktop\rescpp\test.cpp(8): warning C4067: unexpected tokens following preprocessor directive - expected a newline
     1>c:\users\rg\desktop\rescpp\test.cpp(9): warning C4067: unexpected tokens following preprocessor directive - expected a newline
     1>c:\users\rg\desktop\rescpp\test.cpp(10): warning C4067: unexpected tokens following preprocessor directive - expected a newline
     1>c:\users\rg\desktop\rescpp\test.cpp(157): warning C4101: 'szHex' : unreferenced local variable
       Link:
         C:\Program Files (x86)\Microsoft Visual Studio 11.0\VC\bin\link.exe /ERRORREPORT:PROMPT /OUT:".\Debug\Rijndael.exe" /INCREMENTAL /NOLOGO odbc32.lib odbccp32.lib kernel32.lib user32.lib gdi32.lib winspool.lib comdlg32.lib advapi32.lib shell32.lib ole32.lib oleaut32.lib uuid.lib odbc32.lib odbccp32.lib /MANIFEST /MANIFESTUAC:"level='asInvoker' uiAccess='false'" /manifest:embed /DEBUG /PDB:".\Debug\Rijndael.pdb" /SUBSYSTEM:CONSOLE /TLBID:1 /DYNAMICBASE /NXCOMPAT /IMPLIB:".\Debug\Rijndael.lib" /MACHINE:X86 /SAFESEH .\Debug\Rijndael.obj
         .\Debug\Test.obj
     1>Rijndael.obj : warning LNK4075: ignoring '/EDITANDCONTINUE' due to '/SAFESEH' specification
         Rijndael.vcxproj -> C:\Users\RG\Desktop\ResCpp\.\Debug\Rijndael.exe
     1>Done Building Project "C:\Users\RG\Desktop\ResCpp\Rijndael.vcxproj" (Build target(s)).

Build succeeded.

Time Elapsed 00:00:05.26
